<?xml version="1.0" encoding="UTF-8"?>
<!-- Generated by org.testng.reporters.JUnitXMLReporter -->
<testsuite ignored="0" hostname="user12" failures="0" tests="4" name="Default test" time="0.109" errors="0" timestamp="2024-11-07T12:34:52 IST">
  <testcase classname="TestScript2.Sample1" name="testFoue" time="0.015"/>
  <testcase classname="TestScript2.Sample1" name="testOne" time="0.003"/>
  <testcase classname="TestScript2.Sample1" name="testThree" time="0.004"/>
  <testcase classname="TestScript2.Sample1" name="testTwo" time="0.003"/>
</testsuite> <!-- Default test -->
