<?xml version="1.0" encoding="UTF-8"?>
<!-- Generated by org.testng.reporters.JUnitXMLReporter -->
<testsuite ignored="7" hostname="user12" failures="0" tests="5" name="Test" time="0.127" errors="0" timestamp="2024-11-07T13:20:59 IST">
  <testcase classname="TestScript2.Sample1" name="testOne" time="0.014"/>
  <testcase classname="TestScript2.Sample1" name="testThree" time="0.005"/>
  <testcase classname="TestScript2.Sample2" name="testThree" time="0.005"/>
  <testcase classname="TestScript2.Sample2" name="testTwo" time="0.003"/>
  <testcase classname="TestScript2.Sample3" name="testTwo" time="0.002"/>
  <testcase classname="TestScript2.Sample1" name="testTwo" time="0.0">
    <ignored/>
  </testcase> <!-- testTwo -->
  <testcase classname="TestScript2.Sample3" name="testOne" time="0.0">
    <ignored/>
  </testcase> <!-- testOne -->
  <testcase classname="TestScript2.Sample3" name="testFoue" time="0.0">
    <ignored/>
  </testcase> <!-- testFoue -->
  <testcase classname="TestScript2.Sample3" name="testThree" time="0.0">
    <ignored/>
  </testcase> <!-- testThree -->
  <testcase classname="TestScript2.Sample2" name="testOne" time="0.0">
    <ignored/>
  </testcase> <!-- testOne -->
  <testcase classname="TestScript2.Sample2" name="testFoue" time="0.0">
    <ignored/>
  </testcase> <!-- testFoue -->
  <testcase classname="TestScript2.Sample1" name="testFoue" time="0.0">
    <ignored/>
  </testcase> <!-- testFoue -->
</testsuite> <!-- Test -->
