<?xml version="1.0" encoding="UTF-8"?>
<!-- Generated by org.testng.reporters.JUnitXMLReporter -->
<testsuite ignored="1" hostname="user12" failures="0" tests="1" name="Test(failed)" time="6.695" errors="0" timestamp="2024-11-07T11:08:29 IST">
  <testcase classname="TestScripts.GooglePageSearchTest" name="searchSeleniumTest" time="3.106"/>
  <testcase classname="TestScripts.GooglePageSearchTest" name="searchJavaTest" time="0.0">
    <ignored/>
  </testcase> <!-- searchJavaTest -->
</testsuite> <!-- Test(failed) -->
