<?xml version="1.0" encoding="UTF-8"?>
<testng-results ignored="0" total="1" passed="1" failed="0" skipped="0">
  <reporter-output>
  </reporter-output>
  <suite started-at="2024-10-30T10:35:38 IST" name="Default suite" finished-at="2024-10-30T10:35:47 IST" duration-ms="9397">
    <groups>
    </groups>
    <test started-at="2024-10-30T10:35:38 IST" name="Default test" finished-at="2024-10-30T10:35:47 IST" duration-ms="9397">
      <class name="TestScripts.WebTableTest">
        <test-method signature="verifyBookDetails()[pri:0, instance:TestScripts.WebTableTest@63a12c68]" started-at="2024-10-30T10:35:38 IST" name="verifyBookDetails" finished-at="2024-10-30T10:35:47 IST" duration-ms="9299" status="PASS">
          <reporter-output>
          </reporter-output>
        </test-method> <!-- verifyBookDetails -->
      </class> <!-- TestScripts.WebTableTest -->
    </test> <!-- Default test -->
  </suite> <!-- Default suite -->
</testng-results>
